13-09-2024 11:10:51 - [INFO] - DATABASE CONNECTED TO LOCAL SERVER
13-09-2024 11:12:16 - [INFO] - DATABASE CONNECTED TO LOCAL SERVER
13-09-2024 11:13:10 - [INFO] - DATABASE CONNECTED TO LOCAL SERVER
13-09-2024 11:13:27 - [INFO] - DATABASE CONNECTED TO LOCAL SERVER
13-09-2024 11:13:38 - [INFO] - DATABASE CONNECTED TO LOCAL SERVER
13-09-2024 11:13:38 - [INFO] - OUTPUT QUERY RESULT: []
13-09-2024 11:13:38 - [ERROR] - FAILED TO GET DATA MOTOR CONFIG AT LOCAL SERVER 
13-09-2024 11:14:24 - [INFO] - DATABASE CONNECTED TO LOCAL SERVER
13-09-2024 11:14:24 - [INFO] - OUTPUT QUERY RESULT: [('1', 'rtsp://admin:qwerty123!@50.60.70.19:5544/Streaming/Channels/102', '20', '((4, 6), (6, 709), (1272, 713), (1262, 522), (248, 539), (174, 269), (503, 257), (723, 302), (939, 373), (1123, 453), (1119, 534), (1279, 536), (1255, 166), (1267, 50), (1273, 7))', 'http://127.0.0.1:8200/status_auto', 'yolov8s.pt')]
13-09-2024 11:14:24 - [INFO] - SUCCESSED PARSING DATA AND GET FROM DB LOCAL SERVER
13-09-2024 11:14:24 - [INFO] - START PROGRAM NAIK TURUN PENUMPANG V2 FROM API
13-09-2024 11:14:46 - [INFO] - DATABASE CONNECTED TO LOCAL SERVER
13-09-2024 11:14:46 - [INFO] - OUTPUT QUERY RESULT: [('1', 'rtsp://admin:qwerty123!@50.60.70.19:5544/Streaming/Channels/102', '20', '((4, 6), (6, 709), (1272, 713), (1262, 522), (248, 539), (174, 269), (503, 257), (723, 302), (939, 373), (1123, 453), (1119, 534), (1279, 536), (1255, 166), (1267, 50), (1273, 7))', 'http://127.0.0.1:8200/status_auto', 'yolov8s.pt')]
13-09-2024 11:14:46 - [INFO] - SUCCESSED PARSING DATA AND GET FROM DB LOCAL SERVER
13-09-2024 11:14:46 - [INFO] - START PROGRAM NAIK TURUN PENUMPANG V2 FROM API
13-09-2024 11:14:52 - [INFO] - BERHASIL SEND TO DEV
13-09-2024 11:14:52 - [INFO] - START INSERTING TO MOTOR EVENT LOCAL SERVER
13-09-2024 11:14:52 - [INFO] - SUCCESSED INSERTING TO MOTOR EVENT LOCAL SERVER
13-09-2024 11:14:52 - [INFO] - END TO INSERT MYSQL TO MOTOR EVENT LOCAL SERVER
13-09-2024 11:16:50 - [INFO] - DATABASE CONNECTED TO LOCAL SERVER
13-09-2024 11:16:50 - [INFO] - OUTPUT QUERY RESULT: [('1', 'rtsp://admin:qwerty123!@50.60.70.19:5544/Streaming/Channels/102', '20', '((4, 6), (6, 709), (1272, 713), (1262, 522), (248, 539), (174, 269), (503, 257), (723, 302), (939, 373), (1123, 453), (1119, 534), (1279, 536), (1255, 166), (1267, 50), (1273, 7))', 'http://127.0.0.1:8200/status_auto', 'yolov8s.pt')]
13-09-2024 11:16:50 - [INFO] - SUCCESSED PARSING DATA AND GET FROM DB LOCAL SERVER
13-09-2024 11:16:50 - [INFO] - START PROGRAM NAIK TURUN PENUMPANG V2 FROM API
13-09-2024 11:18:50 - [INFO] - DATABASE CONNECTED TO LOCAL SERVER
13-09-2024 11:18:50 - [INFO] - OUTPUT QUERY RESULT: [('1', 'rtsp://admin:qwerty123!@50.60.70.19:5544/Streaming/Channels/102', '20', '((4, 6), (6, 709), (1272, 713), (1262, 522), (248, 539), (174, 269), (503, 257), (723, 302), (939, 373), (1123, 453), (1119, 534), (1279, 536), (1255, 166), (1267, 50), (1273, 7))', 'http://127.0.0.1:8200/status_auto', 'yolov8s.pt')]
13-09-2024 11:18:50 - [INFO] - SUCCESSED PARSING DATA AND GET FROM DB LOCAL SERVER
13-09-2024 11:18:50 - [INFO] - START PROGRAM NAIK TURUN PENUMPANG V2 FROM API
13-09-2024 11:20:21 - [INFO] - ADA DETEKSI ORANG
13-09-2024 11:20:21 - [INFO] - PICTURE ORANG CAPTURED
13-09-2024 11:20:22 - [INFO] - BERHASIL SEND TO DEV
13-09-2024 11:20:22 - [INFO] - START INSERTING TO MOTOR EVENT LOCAL SERVER
13-09-2024 11:20:22 - [ERROR] - NOT INSERTED TO MOTOR EVENT LOCAL SERVER
13-09-2024 11:20:22 - [INFO] - END TO INSERT MYSQL TO MOTOR EVENT LOCAL SERVER
13-09-2024 11:20:22 - [INFO] - STARTING TO CAPTURE PROGRAM FRAME ORANG
13-09-2024 11:20:22 - [INFO] - ./video_mp4/1/13092024/VID_1_13092024_11:20:21.mp4
13-09-2024 11:20:22 - [INFO] - GET RECORDING FRAME ORANG
13-09-2024 11:20:42 - [INFO] - END PROCESS RECORDING FRAME ORANG
13-09-2024 11:20:42 - [INFO] - FLAG ORANG SUDAH MENJADI 1 KEMBALI
13-09-2024 11:21:43 - [INFO] - DATABASE CONNECTED TO LOCAL SERVER
13-09-2024 11:21:43 - [INFO] - OUTPUT QUERY RESULT: [('1', 'rtsp://admin:qwerty123!@50.60.70.19:5544/Streaming/Channels/102', '20', '((4, 6), (6, 709), (1272, 713), (1262, 522), (248, 539), (174, 269), (503, 257), (723, 302), (939, 373), (1123, 453), (1119, 534), (1279, 536), (1255, 166), (1267, 50), (1273, 7))', 'http://127.0.0.1:8200/status_auto', 'yolov8s.pt')]
13-09-2024 11:21:43 - [INFO] - SUCCESSED PARSING DATA AND GET FROM DB LOCAL SERVER
13-09-2024 11:21:43 - [INFO] - START PROGRAM NAIK TURUN PENUMPANG V2 FROM API
13-09-2024 11:22:58 - [INFO] - ADA DETEKSI ORANG
13-09-2024 11:22:58 - [INFO] - PICTURE ORANG CAPTURED
13-09-2024 11:22:58 - [INFO] - BERHASIL SEND TO DEV
13-09-2024 11:22:58 - [INFO] - START INSERTING TO MOTOR EVENT LOCAL SERVER
13-09-2024 11:22:58 - [ERROR] - NOT INSERTED TO MOTOR EVENT LOCAL SERVER
13-09-2024 11:22:58 - [INFO] - END TO INSERT MYSQL TO MOTOR EVENT LOCAL SERVER
13-09-2024 11:22:58 - [INFO] - STARTING TO CAPTURE PROGRAM FRAME ORANG
13-09-2024 11:22:58 - [INFO] - ./video_mp4/1/13092024/VID_1_13092024_11:22:58.mp4
13-09-2024 11:22:58 - [INFO] - GET RECORDING FRAME ORANG
13-09-2024 11:23:18 - [INFO] - END PROCESS RECORDING FRAME ORANG
13-09-2024 11:23:18 - [INFO] - FLAG ORANG SUDAH MENJADI 1 KEMBALI
13-09-2024 11:24:10 - [INFO] - ADA DETEKSI ORANG
13-09-2024 11:24:10 - [INFO] - PICTURE ORANG CAPTURED
13-09-2024 11:24:10 - [INFO] - BERHASIL SEND TO DEV
13-09-2024 11:24:10 - [INFO] - START INSERTING TO MOTOR EVENT LOCAL SERVER
13-09-2024 11:24:10 - [ERROR] - NOT INSERTED TO MOTOR EVENT LOCAL SERVER
13-09-2024 11:24:10 - [INFO] - END TO INSERT MYSQL TO MOTOR EVENT LOCAL SERVER
13-09-2024 11:24:10 - [INFO] - STARTING TO CAPTURE PROGRAM FRAME ORANG
13-09-2024 11:24:10 - [INFO] - ./video_mp4/1/13092024/VID_1_13092024_11:24:10.mp4
13-09-2024 11:24:10 - [INFO] - GET RECORDING FRAME ORANG
13-09-2024 11:24:30 - [INFO] - END PROCESS RECORDING FRAME ORANG
13-09-2024 11:24:30 - [INFO] - FLAG ORANG SUDAH MENJADI 1 KEMBALI
13-09-2024 11:31:51 - [INFO] - DATABASE CONNECTED TO LOCAL SERVER
13-09-2024 11:31:51 - [INFO] - OUTPUT QUERY RESULT: [('1', 'rtsp://admin:qwerty123!@50.60.70.19:5544/Streaming/Channels/102', '20', '((4, 6), (6, 709), (1272, 713), (1262, 522), (248, 539), (174, 269), (503, 257), (723, 302), (939, 373), (1123, 453), (1119, 534), (1279, 536), (1255, 166), (1267, 50), (1273, 7))', 'http://127.0.0.1:8200/status_auto', 'yolov8s.pt')]
13-09-2024 11:31:51 - [INFO] - SUCCESSED PARSING DATA AND GET FROM DB LOCAL SERVER
13-09-2024 11:31:51 - [INFO] - START PROGRAM NAIK TURUN PENUMPANG V2 FROM API
13-09-2024 11:31:56 - [INFO] - ADA DETEKSI ORANG
13-09-2024 11:32:51 - [INFO] - DATABASE CONNECTED TO LOCAL SERVER
13-09-2024 11:32:51 - [INFO] - OUTPUT QUERY RESULT: [('1', 'rtsp://admin:qwerty123!@50.60.70.19:5544/Streaming/Channels/102', '20', '((4, 6), (6, 709), (1272, 713), (1262, 522), (248, 539), (174, 269), (503, 257), (723, 302), (939, 373), (1123, 453), (1119, 534), (1279, 536), (1255, 166), (1267, 50), (1273, 7))', 'http://127.0.0.1:8200/status_auto', 'yolov8s.pt')]
13-09-2024 11:32:51 - [INFO] - SUCCESSED PARSING DATA AND GET FROM DB LOCAL SERVER
13-09-2024 11:32:51 - [INFO] - START PROGRAM NAIK TURUN PENUMPANG V2 FROM API
13-09-2024 11:33:54 - [INFO] - DATABASE CONNECTED TO LOCAL SERVER
13-09-2024 11:33:54 - [INFO] - OUTPUT QUERY RESULT: [('1', 'rtsp://admin:qwerty123!@50.60.70.19:5544/Streaming/Channels/102', '20', '((4, 6), (6, 709), (1272, 713), (1262, 522), (248, 539), (174, 269), (503, 257), (723, 302), (939, 373), (1123, 453), (1119, 534), (1279, 536), (1255, 166), (1267, 50), (1273, 7))', 'http://127.0.0.1:8200/status_auto', 'yolov8s.pt')]
13-09-2024 11:33:54 - [INFO] - SUCCESSED PARSING DATA AND GET FROM DB LOCAL SERVER
13-09-2024 11:33:54 - [INFO] - START PROGRAM NAIK TURUN PENUMPANG V2 FROM API
13-09-2024 11:34:07 - [INFO] - ADA DETEKSI ORANG
13-09-2024 13:25:51 - [INFO] - DATABASE CONNECTED TO LOCAL SERVER
13-09-2024 13:25:51 - [INFO] - OUTPUT QUERY RESULT: [('1', 'rtsp://admin:qwerty123!@50.60.70.19:5544/Streaming/Channels/102', '20', '((4, 6), (6, 709), (1272, 713), (1262, 522), (248, 539), (174, 269), (503, 257), (723, 302), (939, 373), (1123, 453), (1119, 534), (1279, 536), (1255, 166), (1267, 50), (1273, 7))', 'http://127.0.0.1:8200/status_auto', 'yolov8s.pt')]
13-09-2024 13:25:51 - [INFO] - SUCCESSED PARSING DATA AND GET FROM DB LOCAL SERVER
13-09-2024 13:25:51 - [INFO] - START PROGRAM NAIK TURUN PENUMPANG V2 FROM API
13-09-2024 13:27:05 - [INFO] - DATABASE CONNECTED TO LOCAL SERVER
13-09-2024 13:27:05 - [INFO] - OUTPUT QUERY RESULT: [('1', 'rtsp://admin:qwerty123!@50.60.70.19:5544/Streaming/Channels/102', '20', '((4, 6), (6, 709), (1272, 713), (1262, 522), (248, 539), (174, 269), (503, 257), (723, 302), (939, 373), (1123, 453), (1119, 534), (1279, 536), (1255, 166), (1267, 50), (1273, 7))', 'http://127.0.0.1:8200/status_auto', 'yolov8s.pt')]
13-09-2024 13:27:05 - [INFO] - SUCCESSED PARSING DATA AND GET FROM DB LOCAL SERVER
13-09-2024 13:27:05 - [INFO] - START PROGRAM NAIK TURUN PENUMPANG V2 FROM API
13-09-2024 13:27:59 - [INFO] - ADA DETEKSI ORANG
13-09-2024 13:27:59 - [INFO] - PICTURE ORANG CAPTURED
13-09-2024 13:27:59 - [INFO] - BERHASIL SEND TO DEV
13-09-2024 13:27:59 - [INFO] - START INSERTING TO MOTOR EVENT LOCAL SERVER
13-09-2024 13:27:59 - [INFO] - SUCCESSED INSERTING TO MOTOR EVENT LOCAL SERVER
13-09-2024 13:27:59 - [INFO] - END TO INSERT MYSQL TO MOTOR EVENT LOCAL SERVER
13-09-2024 13:27:59 - [INFO] - STARTING TO CAPTURE PROGRAM FRAME ORANG
13-09-2024 13:27:59 - [INFO] - ./video_mp4/1/13092024/VID_1_13092024_13:27:59.mp4
13-09-2024 13:27:59 - [INFO] - GET RECORDING FRAME ORANG
13-09-2024 13:28:19 - [INFO] - END PROCESS RECORDING FRAME ORANG
13-09-2024 13:28:19 - [INFO] - FLAG ORANG SUDAH MENJADI 1 KEMBALI
13-09-2024 13:35:39 - [INFO] - DATABASE CONNECTED TO LOCAL SERVER
13-09-2024 13:35:39 - [INFO] - OUTPUT QUERY RESULT: [('1', 'rtsp://admin:qwerty123!@50.60.70.19:5544/Streaming/Channels/102', '20', '((4, 6), (6, 709), (1272, 713), (1262, 522), (248, 539), (174, 269), (503, 257), (723, 302), (939, 373), (1123, 453), (1119, 534), (1279, 536), (1255, 166), (1267, 50), (1273, 7))', 'http://127.0.0.1:8200/status_auto', 'yolov8s.pt')]
13-09-2024 13:35:39 - [INFO] - SUCCESSED PARSING DATA AND GET FROM DB LOCAL SERVER
13-09-2024 13:35:39 - [INFO] - START PROGRAM NAIK TURUN PENUMPANG V2 FROM API
13-09-2024 13:37:19 - [INFO] - DATABASE CONNECTED TO LOCAL SERVER
13-09-2024 13:37:19 - [INFO] - OUTPUT QUERY RESULT: [('1', 'rtsp://admin:qwerty123!@50.60.70.19:5544/Streaming/Channels/102', '20', '((4, 6), (6, 709), (1272, 713), (1262, 522), (248, 539), (174, 269), (503, 257), (723, 302), (939, 373), (1123, 453), (1119, 534), (1279, 536), (1255, 166), (1267, 50), (1273, 7))', 'http://127.0.0.1:8200/status_auto', 'yolov8s.pt')]
13-09-2024 13:37:19 - [INFO] - SUCCESSED PARSING DATA AND GET FROM DB LOCAL SERVER
13-09-2024 13:37:19 - [INFO] - START PROGRAM NAIK TURUN PENUMPANG V2 FROM API
13-09-2024 13:39:36 - [INFO] - ADA DETEKSI ORANG
13-09-2024 13:39:36 - [INFO] - PICTURE ORANG CAPTURED
13-09-2024 13:39:36 - [INFO] - BERHASIL SEND TO DEV
13-09-2024 13:39:36 - [INFO] - START INSERTING TO MOTOR EVENT LOCAL SERVER
13-09-2024 13:39:36 - [INFO] - SUCCESSED INSERTING TO MOTOR EVENT LOCAL SERVER
13-09-2024 13:39:36 - [INFO] - END TO INSERT MYSQL TO MOTOR EVENT LOCAL SERVER
13-09-2024 13:39:36 - [INFO] - STARTING TO CAPTURE PROGRAM FRAME ORANG
13-09-2024 13:39:36 - [INFO] - ./video_mp4/1/13092024/VID_1_13092024_13:39:36.mp4
13-09-2024 13:39:36 - [INFO] - GET RECORDING FRAME ORANG
13-09-2024 13:39:56 - [INFO] - END PROCESS RECORDING FRAME ORANG
13-09-2024 13:39:56 - [INFO] - FLAG ORANG SUDAH MENJADI 1 KEMBALI
13-09-2024 13:43:09 - [INFO] - ADA DETEKSI ORANG
13-09-2024 13:43:09 - [INFO] - PICTURE ORANG CAPTURED
13-09-2024 13:43:09 - [INFO] - BERHASIL SEND TO DEV
13-09-2024 13:43:09 - [INFO] - START INSERTING TO MOTOR EVENT LOCAL SERVER
13-09-2024 13:43:09 - [INFO] - SUCCESSED INSERTING TO MOTOR EVENT LOCAL SERVER
13-09-2024 13:43:09 - [INFO] - END TO INSERT MYSQL TO MOTOR EVENT LOCAL SERVER
13-09-2024 13:43:09 - [INFO] - STARTING TO CAPTURE PROGRAM FRAME ORANG
13-09-2024 13:43:09 - [INFO] - ./video_mp4/1/13092024/VID_1_13092024_13:43:09.mp4
13-09-2024 13:43:09 - [INFO] - GET RECORDING FRAME ORANG
13-09-2024 13:43:29 - [INFO] - END PROCESS RECORDING FRAME ORANG
13-09-2024 13:43:29 - [INFO] - FLAG ORANG SUDAH MENJADI 1 KEMBALI
